<?xml version="1.0" encoding="UTF-8"?>
<!-- Generated by org.testng.reporters.JUnitReportReporter -->
<testsuite skipped="0" hostname="SILCHQSOFT178L" name="TestRunner.AllRunnerTest" tests="9" failures="0" timestamp="2024-02-13T09:29:12 BDT" time="123.700" errors="0">
  <testcase name="runScenario" time="3.502" classname="TestRunner.AllRunnerTest"/>
  <system-out/>
  <testcase name="runScenario" time="17.020" classname="TestRunner.AllRunnerTest"/>
  <system-out/>
  <testcase name="runScenario" time="9.148" classname="TestRunner.AllRunnerTest"/>
  <system-out/>
  <testcase name="runScenario" time="7.540" classname="TestRunner.AllRunnerTest"/>
  <system-out/>
  <testcase name="runScenario" time="15.309" classname="TestRunner.AllRunnerTest"/>
  <system-out/>
  <testcase name="runScenario" time="29.017" classname="TestRunner.AllRunnerTest"/>
  <system-out/>
  <testcase name="runScenario" time="17.416" classname="TestRunner.AllRunnerTest"/>
  <system-out/>
  <testcase name="runScenario" time="15.547" classname="TestRunner.AllRunnerTest"/>
  <system-out/>
  <testcase name="runScenario" time="9.201" classname="TestRunner.AllRunnerTest"/>
  <system-out/>
</testsuite> <!-- TestRunner.AllRunnerTest -->
