<?xml version="1.0" encoding="UTF-8"?>
<!-- Generated by org.testng.reporters.JUnitReportReporter -->
<testsuite skipped="0" hostname="SILCHQSOFT178L" name="TestRunner.AllRunnerTest" tests="10" failures="0" timestamp="2024-02-14T16:45:14 BDT" time="100.418" errors="0">
  <testcase name="runScenario" time="7.862" classname="TestRunner.AllRunnerTest"/>
  <system-out/>
  <testcase name="runScenario" time="8.952" classname="TestRunner.AllRunnerTest"/>
  <system-out/>
  <testcase name="runScenario" time="6.717" classname="TestRunner.AllRunnerTest"/>
  <system-out/>
  <testcase name="runScenario" time="13.202" classname="TestRunner.AllRunnerTest"/>
  <system-out/>
  <testcase name="runScenario" time="2.283" classname="TestRunner.AllRunnerTest"/>
  <system-out/>
  <testcase name="runScenario" time="27.974" classname="TestRunner.AllRunnerTest"/>
  <system-out/>
  <testcase name="runScenario" time="8.353" classname="TestRunner.AllRunnerTest"/>
  <system-out/>
  <testcase name="runScenario" time="6.908" classname="TestRunner.AllRunnerTest"/>
  <system-out/>
  <testcase name="runScenario" time="4.926" classname="TestRunner.AllRunnerTest"/>
  <system-out/>
  <testcase name="runScenario" time="13.241" classname="TestRunner.AllRunnerTest"/>
  <system-out/>
</testsuite> <!-- TestRunner.AllRunnerTest -->
